createActivityeditMembershipcreateActivityeditMembershipcreateActivity
createActivity
editMembership
createActivity
editMembership
createActivity
createActivity
editMembership
editDashboard
editDashboard
editDashboard
createActivity
editMembership
createActivity
createActivity
editMembership
createMembershipPayment
createLineItem
createFinancialItem
createContribution
createActivity
createMembershipPayment
deleteContribution
deleteContribution
editDashboard
editDashboard
editDashboard
createActivity
editMembership
